Flow report for vga
Tue Dec 12 22:08:09 2023
Quartus Prime Version 18.1.0 Build 625 09/12/2018 SJ Lite Edition


---------------------
; Table of Contents ;
---------------------
  1. Legal Notice
  2. Flow Summary
  3. Flow Settings
  4. Flow Non-Default Global Settings
  5. Flow Elapsed Time
  6. Flow OS Summary
  7. Flow Log
  8. Flow Messages
  9. Flow Suppressed Messages



----------------
; Legal Notice ;
----------------
Copyright (C) 2018  Intel Corporation. All rights reserved.
Your use of Intel Corporation's design tools, logic functions 
and other software and tools, and its AMPP partner logic 
functions, and any output files from any of the foregoing 
(including device programming or simulation files), and any 
associated documentation or information are expressly subject 
to the terms and conditions of the Intel Program License 
Subscription Agreement, the Intel Quartus Prime License Agreement,
the Intel FPGA IP License Agreement, or other applicable license
agreement, including, without limitation, that your use is for
the sole purpose of programming logic devices manufactured by
Intel and sold by Intel or its authorized distributors.  Please
refer to the applicable agreement for further details.



+----------------------------------------------------------------------------------+
; Flow Summary                                                                     ;
+------------------------------------+---------------------------------------------+
; Flow Status                        ; Successful - Tue Dec 12 22:08:09 2023       ;
; Quartus Prime Version              ; 18.1.0 Build 625 09/12/2018 SJ Lite Edition ;
; Revision Name                      ; vga                                         ;
; Top-level Entity Name              ; VGA_Interface                               ;
; Family                             ; Cyclone IV E                                ;
; Device                             ; EP4CE115F29C7                               ;
; Timing Models                      ; Final                                       ;
; Total logic elements               ; 81 / 114,480 ( < 1 % )                      ;
;     Total combinational functions  ; 56 / 114,480 ( < 1 % )                      ;
;     Dedicated logic registers      ; 63 / 114,480 ( < 1 % )                      ;
; Total registers                    ; 63                                          ;
; Total pins                         ; 91 / 529 ( 17 % )                           ;
; Total virtual pins                 ; 0                                           ;
; Total memory bits                  ; 0 / 3,981,312 ( 0 % )                       ;
; Embedded Multiplier 9-bit elements ; 0 / 532 ( 0 % )                             ;
; Total PLLs                         ; 0 / 4 ( 0 % )                               ;
+------------------------------------+---------------------------------------------+


+-----------------------------------------+
; Flow Settings                           ;
+-------------------+---------------------+
; Option            ; Setting             ;
+-------------------+---------------------+
; Start date & time ; 12/12/2023 22:07:37 ;
; Main task         ; Compilation         ;
; Revision Name     ; vga                 ;
+-------------------+---------------------+


+-------------------------------------------------------------------------------------------------------------------------------------------------------------------+
; Flow Non-Default Global Settings                                                                                                                                  ;
+--------------------------------------+---------------------------------------------------------------------+---------------+-------------------+------------------+
; Assignment Name                      ; Value                                                               ; Default Value ; Entity Name       ; Section Id       ;
+--------------------------------------+---------------------------------------------------------------------+---------------+-------------------+------------------+
; COMPILER_SIGNATURE_ID                ; 136411543900679.170242965605900                                     ; --            ; --                ; --               ;
; EDA_DESIGN_INSTANCE_NAME             ; NA                                                                  ; --            ; --                ; ImageMerge_tb    ;
; EDA_DESIGN_INSTANCE_NAME             ; NA                                                                  ; --            ; --                ; VGA_Interface_tb ;
; EDA_NATIVELINK_SIMULATION_TEST_BENCH ; ImageMerge_tb                                                       ; --            ; --                ; eda_simulation   ;
; EDA_OUTPUT_DATA_FORMAT               ; Verilog Hdl                                                         ; --            ; --                ; eda_simulation   ;
; EDA_SIMULATION_TOOL                  ; ModelSim-Altera (Verilog)                                           ; <None>        ; --                ; --               ;
; EDA_TEST_BENCH_ENABLE_STATUS         ; TEST_BENCH_MODE                                                     ; --            ; --                ; eda_simulation   ;
; EDA_TEST_BENCH_FILE                  ; ImageMerge_tb.v                                                     ; --            ; --                ; ImageMerge_tb    ;
; EDA_TEST_BENCH_FILE                  ; VGA_Interface_tb.v                                                  ; --            ; --                ; VGA_Interface_tb ;
; EDA_TEST_BENCH_MODULE_NAME           ; ImageMerge_tb                                                       ; --            ; --                ; ImageMerge_tb    ;
; EDA_TEST_BENCH_MODULE_NAME           ; VGA_Interface_tb                                                    ; --            ; --                ; VGA_Interface_tb ;
; EDA_TEST_BENCH_NAME                  ; VGA_Interface_tb                                                    ; --            ; --                ; eda_simulation   ;
; EDA_TEST_BENCH_NAME                  ; ImageMerge_tb                                                       ; --            ; --                ; eda_simulation   ;
; EDA_TEST_BENCH_RUN_SIM_FOR           ; 1000 ns                                                             ; --            ; --                ; ImageMerge_tb    ;
; EDA_TEST_BENCH_RUN_SIM_FOR           ; 1000 ns                                                             ; --            ; --                ; VGA_Interface_tb ;
; EDA_TIME_SCALE                       ; 100 ns                                                              ; --            ; --                ; eda_simulation   ;
; MAX_CORE_JUNCTION_TEMP               ; 85                                                                  ; --            ; --                ; --               ;
; MIN_CORE_JUNCTION_TEMP               ; 0                                                                   ; --            ; --                ; --               ;
; MISC_FILE                            ; modulos validados/vga/pll_vga.bsf                                   ; --            ; --                ; --               ;
; MISC_FILE                            ; modulos validados/vga/pll_vga_bb.v                                  ; --            ; --                ; --               ;
; MISC_FILE                            ; modulos validados/vga/pll_vga.ppf                                   ; --            ; --                ; --               ;
; MISC_FILE                            ; sistema_embarcado/synthesis/../sistema_embarcado.cmp                ; --            ; --                ; --               ;
; MISC_FILE                            ; sistema_embarcado/synthesis/../../sistema_embarcado.qsys            ; --            ; --                ; --               ;
; MISC_FILE                            ; background_rom.bsf                                                  ; --            ; --                ; --               ;
; MISC_FILE                            ; background_rom.cmp                                                  ; --            ; --                ; --               ;
; NOMINAL_CORE_SUPPLY_VOLTAGE          ; 1.2V                                                                ; --            ; --                ; --               ;
; PARTITION_COLOR                      ; -- (Not supported for targeted family)                              ; --            ; VGA_Interface     ; Top              ;
; PARTITION_FITTER_PRESERVATION_LEVEL  ; -- (Not supported for targeted family)                              ; --            ; VGA_Interface     ; Top              ;
; PARTITION_NETLIST_TYPE               ; -- (Not supported for targeted family)                              ; --            ; VGA_Interface     ; Top              ;
; POWER_BOARD_THERMAL_MODEL            ; None (CONSERVATIVE)                                                 ; --            ; --                ; --               ;
; POWER_PRESET_COOLING_SOLUTION        ; 23 MM HEAT SINK WITH 200 LFPM AIRFLOW                               ; --            ; --                ; --               ;
; PROJECT_OUTPUT_DIRECTORY             ; output_files                                                        ; --            ; --                ; --               ;
; SLD_FILE                             ; sistema_embarcado/synthesis/sistema_embarcado.regmap                ; --            ; --                ; --               ;
; SLD_FILE                             ; sistema_embarcado/synthesis/sistema_embarcado.debuginfo             ; --            ; --                ; --               ;
; SLD_INFO                             ; QSYS_NAME sistema_embarcado HAS_SOPCINFO 1 GENERATION_ID 1702251212 ; --            ; sistema_embarcado ; --               ;
; SOPCINFO_FILE                        ; sistema_embarcado/synthesis/../../sistema_embarcado.sopcinfo        ; --            ; --                ; --               ;
; SYNTHESIS_ONLY_QIP                   ; On                                                                  ; --            ; --                ; --               ;
; TOP_LEVEL_ENTITY                     ; VGA_Interface                                                       ; vga           ; --                ; --               ;
+--------------------------------------+---------------------------------------------------------------------+---------------+-------------------+------------------+


+--------------------------------------------------------------------------------------------------------------------------+
; Flow Elapsed Time                                                                                                        ;
+----------------------+--------------+-------------------------+---------------------+------------------------------------+
; Module Name          ; Elapsed Time ; Average Processors Used ; Peak Virtual Memory ; Total CPU Time (on all processors) ;
+----------------------+--------------+-------------------------+---------------------+------------------------------------+
; Analysis & Synthesis ; 00:00:09     ; 1.0                     ; 4850 MB             ; 00:00:18                           ;
; Fitter               ; 00:00:14     ; 1.0                     ; 6303 MB             ; 00:00:22                           ;
; Assembler            ; 00:00:03     ; 1.0                     ; 4687 MB             ; 00:00:02                           ;
; Timing Analyzer      ; 00:00:02     ; 1.1                     ; 4935 MB             ; 00:00:02                           ;
; EDA Netlist Writer   ; 00:00:00     ; 1.0                     ; 4650 MB             ; 00:00:01                           ;
; Total                ; 00:00:28     ; --                      ; --                  ; 00:00:45                           ;
+----------------------+--------------+-------------------------+---------------------+------------------------------------+


+------------------------------------------------------------------------------------+
; Flow OS Summary                                                                    ;
+----------------------+------------------+------------+------------+----------------+
; Module Name          ; Machine Hostname ; OS Name    ; OS Version ; Processor type ;
+----------------------+------------------+------------+------------+----------------+
; Analysis & Synthesis ; DESKTOP-MPGC08L  ; Windows 10 ; 10.0       ; x86_64         ;
; Fitter               ; DESKTOP-MPGC08L  ; Windows 10 ; 10.0       ; x86_64         ;
; Assembler            ; DESKTOP-MPGC08L  ; Windows 10 ; 10.0       ; x86_64         ;
; Timing Analyzer      ; DESKTOP-MPGC08L  ; Windows 10 ; 10.0       ; x86_64         ;
; EDA Netlist Writer   ; DESKTOP-MPGC08L  ; Windows 10 ; 10.0       ; x86_64         ;
+----------------------+------------------+------------+------------+----------------+


------------
; Flow Log ;
------------
quartus_map --read_settings_files=on --write_settings_files=off modulo_VGA_interface -c vga
quartus_fit --read_settings_files=off --write_settings_files=off modulo_VGA_interface -c vga
quartus_asm --read_settings_files=off --write_settings_files=off modulo_VGA_interface -c vga
quartus_sta modulo_VGA_interface -c vga
quartus_eda --read_settings_files=off --write_settings_files=off modulo_VGA_interface -c vga



