Analysis & Synthesis report for bloco2_sprits
Wed Nov 15 19:33:20 2023
Quartus Prime Version 20.1.1 Build 720 11/11/2020 SJ Lite Edition


---------------------
; Table of Contents ;
---------------------
  1. Legal Notice
  2. Analysis & Synthesis Summary
  3. Analysis & Synthesis Settings
  4. Parallel Compilation
  5. Analysis & Synthesis Messages
  6. Analysis & Synthesis Suppressed Messages



----------------
; Legal Notice ;
----------------
Copyright (C) 2020  Intel Corporation. All rights reserved.
Your use of Intel Corporation's design tools, logic functions 
and other software and tools, and any partner logic 
functions, and any output files from any of the foregoing 
(including device programming or simulation files), and any 
associated documentation or information are expressly subject 
to the terms and conditions of the Intel Program License 
Subscription Agreement, the Intel Quartus Prime License Agreement,
the Intel FPGA IP License Agreement, or other applicable license
agreement, including, without limitation, that your use is for
the sole purpose of programming logic devices manufactured by
Intel and sold by Intel or its authorized distributors.  Please
refer to the applicable agreement for further details, at
https://fpgasoftware.intel.com/eula.



+----------------------------------------------------------------------------------+
; Analysis & Synthesis Summary                                                     ;
+------------------------------------+---------------------------------------------+
; Analysis & Synthesis Status        ; Failed - Wed Nov 15 19:33:20 2023           ;
; Quartus Prime Version              ; 20.1.1 Build 720 11/11/2020 SJ Lite Edition ;
; Revision Name                      ; bloco2_sprits                               ;
; Top-level Entity Name              ; sprits_main                                 ;
; Family                             ; Cyclone IV E                                ;
; Total logic elements               ; N/A until Partition Merge                   ;
;     Total combinational functions  ; N/A until Partition Merge                   ;
;     Dedicated logic registers      ; N/A until Partition Merge                   ;
; Total registers                    ; N/A until Partition Merge                   ;
; Total pins                         ; N/A until Partition Merge                   ;
; Total virtual pins                 ; N/A until Partition Merge                   ;
; Total memory bits                  ; N/A until Partition Merge                   ;
; Embedded Multiplier 9-bit elements ; N/A until Partition Merge                   ;
; Total PLLs                         ; N/A until Partition Merge                   ;
+------------------------------------+---------------------------------------------+


+------------------------------------------------------------------------------------------------------------+
; Analysis & Synthesis Settings                                                                              ;
+------------------------------------------------------------------+--------------------+--------------------+
; Option                                                           ; Setting            ; Default Value      ;
+------------------------------------------------------------------+--------------------+--------------------+
; Device                                                           ; EP4CE115F29C7      ;                    ;
; Top-level entity name                                            ; sprits_main        ; bloco2_sprits      ;
; Family name                                                      ; Cyclone IV E       ; Cyclone V          ;
; Verilog Show LMF Mapping Messages                                ; Off                ;                    ;
; Verilog Version                                                  ; SystemVerilog_2005 ; Verilog_2001       ;
; Use smart compilation                                            ; Off                ; Off                ;
; Enable parallel Assembler and Timing Analyzer during compilation ; On                 ; On                 ;
; Enable compact report table                                      ; Off                ; Off                ;
; Restructure Multiplexers                                         ; Auto               ; Auto               ;
; Create Debugging Nodes for IP Cores                              ; Off                ; Off                ;
; Preserve fewer node names                                        ; On                 ; On                 ;
; Intel FPGA IP Evaluation Mode                                    ; Enable             ; Enable             ;
; VHDL Version                                                     ; VHDL_1993          ; VHDL_1993          ;
; State Machine Processing                                         ; Auto               ; Auto               ;
; Safe State Machine                                               ; Off                ; Off                ;
; Extract Verilog State Machines                                   ; On                 ; On                 ;
; Extract VHDL State Machines                                      ; On                 ; On                 ;
; Ignore Verilog initial constructs                                ; Off                ; Off                ;
; Iteration limit for constant Verilog loops                       ; 5000               ; 5000               ;
; Iteration limit for non-constant Verilog loops                   ; 250                ; 250                ;
; Add Pass-Through Logic to Inferred RAMs                          ; On                 ; On                 ;
; Infer RAMs from Raw Logic                                        ; On                 ; On                 ;
; Parallel Synthesis                                               ; On                 ; On                 ;
; DSP Block Balancing                                              ; Auto               ; Auto               ;
; NOT Gate Push-Back                                               ; On                 ; On                 ;
; Power-Up Don't Care                                              ; On                 ; On                 ;
; Remove Redundant Logic Cells                                     ; Off                ; Off                ;
; Remove Duplicate Registers                                       ; On                 ; On                 ;
; Ignore CARRY Buffers                                             ; Off                ; Off                ;
; Ignore CASCADE Buffers                                           ; Off                ; Off                ;
; Ignore GLOBAL Buffers                                            ; Off                ; Off                ;
; Ignore ROW GLOBAL Buffers                                        ; Off                ; Off                ;
; Ignore LCELL Buffers                                             ; Off                ; Off                ;
; Ignore SOFT Buffers                                              ; On                 ; On                 ;
; Limit AHDL Integers to 32 Bits                                   ; Off                ; Off                ;
; Optimization Technique                                           ; Balanced           ; Balanced           ;
; Carry Chain Length                                               ; 70                 ; 70                 ;
; Auto Carry Chains                                                ; On                 ; On                 ;
; Auto Open-Drain Pins                                             ; On                 ; On                 ;
; Perform WYSIWYG Primitive Resynthesis                            ; Off                ; Off                ;
; Auto ROM Replacement                                             ; On                 ; On                 ;
; Auto RAM Replacement                                             ; On                 ; On                 ;
; Auto DSP Block Replacement                                       ; On                 ; On                 ;
; Auto Shift Register Replacement                                  ; Auto               ; Auto               ;
; Allow Shift Register Merging across Hierarchies                  ; Auto               ; Auto               ;
; Auto Clock Enable Replacement                                    ; On                 ; On                 ;
; Strict RAM Replacement                                           ; Off                ; Off                ;
; Allow Synchronous Control Signals                                ; On                 ; On                 ;
; Force Use of Synchronous Clear Signals                           ; Off                ; Off                ;
; Auto RAM Block Balancing                                         ; On                 ; On                 ;
; Auto RAM to Logic Cell Conversion                                ; Off                ; Off                ;
; Auto Resource Sharing                                            ; Off                ; Off                ;
; Allow Any RAM Size For Recognition                               ; Off                ; Off                ;
; Allow Any ROM Size For Recognition                               ; Off                ; Off                ;
; Allow Any Shift Register Size For Recognition                    ; Off                ; Off                ;
; Use LogicLock Constraints during Resource Balancing              ; On                 ; On                 ;
; Ignore translate_off and synthesis_off directives                ; Off                ; Off                ;
; Timing-Driven Synthesis                                          ; On                 ; On                 ;
; Report Parameter Settings                                        ; On                 ; On                 ;
; Report Source Assignments                                        ; On                 ; On                 ;
; Report Connectivity Checks                                       ; On                 ; On                 ;
; Ignore Maximum Fan-Out Assignments                               ; Off                ; Off                ;
; Synchronization Register Chain Length                            ; 2                  ; 2                  ;
; Power Optimization During Synthesis                              ; Normal compilation ; Normal compilation ;
; HDL message level                                                ; Level2             ; Level2             ;
; Suppress Register Optimization Related Messages                  ; Off                ; Off                ;
; Number of Removed Registers Reported in Synthesis Report         ; 5000               ; 5000               ;
; Number of Swept Nodes Reported in Synthesis Report               ; 5000               ; 5000               ;
; Number of Inverted Registers Reported in Synthesis Report        ; 100                ; 100                ;
; Clock MUX Protection                                             ; On                 ; On                 ;
; Auto Gated Clock Conversion                                      ; Off                ; Off                ;
; Block Design Naming                                              ; Auto               ; Auto               ;
; SDC constraint protection                                        ; Off                ; Off                ;
; Synthesis Effort                                                 ; Auto               ; Auto               ;
; Shift Register Replacement - Allow Asynchronous Clear Signal     ; On                 ; On                 ;
; Pre-Mapping Resynthesis Optimization                             ; Off                ; Off                ;
; Analysis & Synthesis Message Level                               ; Medium             ; Medium             ;
; Disable Register Merging Across Hierarchies                      ; Auto               ; Auto               ;
; Resource Aware Inference For Block RAM                           ; On                 ; On                 ;
+------------------------------------------------------------------+--------------------+--------------------+


+------------------------------------------+
; Parallel Compilation                     ;
+----------------------------+-------------+
; Processors                 ; Number      ;
+----------------------------+-------------+
; Number detected on machine ; 4           ;
; Maximum allowed            ; 2           ;
;                            ;             ;
; Average used               ; 1.00        ;
; Maximum used               ; 1           ;
;                            ;             ;
; Usage by Processor         ; % Time Used ;
;     Processor 1            ; 100.0%      ;
+----------------------------+-------------+


+-------------------------------+
; Analysis & Synthesis Messages ;
+-------------------------------+
Info: *******************************************************************
Info: Running Quartus Prime Analysis & Synthesis
    Info: Version 20.1.1 Build 720 11/11/2020 SJ Lite Edition
    Info: Processing started: Wed Nov 15 19:32:32 2023
Info: Command: quartus_map --read_settings_files=on --write_settings_files=off bloco2_sprits -c bloco2_sprits
Warning (18236): Number of processors has not been specified which may cause overloading on shared machines.  Set the global assignment NUM_PARALLEL_PROCESSORS in your QSF to an appropriate value for best performance.
Info (20030): Parallel compilation is enabled and will use 2 of the 2 processors detected
Error (10170): Verilog HDL syntax error at count_px_clk.v(7) near text: ";";  expecting ")". Check for and fix any syntax errors that appear immediately before or at the specified keyword. The Intel FPGA Knowledge Database contains many articles with specific details on how to resolve this error. Visit the Knowledge Database at https://www.altera.com/support/support-resources/knowledge-base/search.html and search for this specific error message number. File: C:/Users/elber/OneDrive - Universidade Federal da Bahia/LAB IV/Rascunho/bloco2_sprits/count_px_clk.v Line: 7
Error (10112): Ignored design unit "count_px_clk" at count_px_clk.v(1) due to previous errors File: C:/Users/elber/OneDrive - Universidade Federal da Bahia/LAB IV/Rascunho/bloco2_sprits/count_px_clk.v Line: 1
Info (12021): Found 0 design units, including 0 entities, in source file count_px_clk.v
Info (12021): Found 1 design units, including 1 entities, in source file count_h_sync.v
    Info (12023): Found entity 1: count_h_sync File: C:/Users/elber/OneDrive - Universidade Federal da Bahia/LAB IV/Rascunho/bloco2_sprits/count_h_sync.v Line: 1
Error (10170): Verilog HDL syntax error at sprits_main.v(8) near text: ";";  expecting ")". Check for and fix any syntax errors that appear immediately before or at the specified keyword. The Intel FPGA Knowledge Database contains many articles with specific details on how to resolve this error. Visit the Knowledge Database at https://www.altera.com/support/support-resources/knowledge-base/search.html and search for this specific error message number. File: C:/Users/elber/OneDrive - Universidade Federal da Bahia/LAB IV/Rascunho/bloco2_sprits/sprits_main.v Line: 8
Error (10170): Verilog HDL syntax error at sprits_main.v(245) near text: "63";  expecting "{". Check for and fix any syntax errors that appear immediately before or at the specified keyword. The Intel FPGA Knowledge Database contains many articles with specific details on how to resolve this error. Visit the Knowledge Database at https://www.altera.com/support/support-resources/knowledge-base/search.html and search for this specific error message number. File: C:/Users/elber/OneDrive - Universidade Federal da Bahia/LAB IV/Rascunho/bloco2_sprits/sprits_main.v Line: 245
Warning (10229): Verilog HDL Expression warning at sprits_main.v(260): truncated literal to match 2 bits File: C:/Users/elber/OneDrive - Universidade Federal da Bahia/LAB IV/Rascunho/bloco2_sprits/sprits_main.v Line: 260
Warning (10229): Verilog HDL Expression warning at sprits_main.v(261): truncated literal to match 2 bits File: C:/Users/elber/OneDrive - Universidade Federal da Bahia/LAB IV/Rascunho/bloco2_sprits/sprits_main.v Line: 261
Warning (10229): Verilog HDL Expression warning at sprits_main.v(262): truncated literal to match 2 bits File: C:/Users/elber/OneDrive - Universidade Federal da Bahia/LAB IV/Rascunho/bloco2_sprits/sprits_main.v Line: 262
Warning (10229): Verilog HDL Expression warning at sprits_main.v(263): truncated literal to match 2 bits File: C:/Users/elber/OneDrive - Universidade Federal da Bahia/LAB IV/Rascunho/bloco2_sprits/sprits_main.v Line: 263
Warning (10229): Verilog HDL Expression warning at sprits_main.v(264): truncated literal to match 2 bits File: C:/Users/elber/OneDrive - Universidade Federal da Bahia/LAB IV/Rascunho/bloco2_sprits/sprits_main.v Line: 264
Warning (10229): Verilog HDL Expression warning at sprits_main.v(265): truncated literal to match 2 bits File: C:/Users/elber/OneDrive - Universidade Federal da Bahia/LAB IV/Rascunho/bloco2_sprits/sprits_main.v Line: 265
Warning (10229): Verilog HDL Expression warning at sprits_main.v(266): truncated literal to match 2 bits File: C:/Users/elber/OneDrive - Universidade Federal da Bahia/LAB IV/Rascunho/bloco2_sprits/sprits_main.v Line: 266
Warning (10229): Verilog HDL Expression warning at sprits_main.v(267): truncated literal to match 2 bits File: C:/Users/elber/OneDrive - Universidade Federal da Bahia/LAB IV/Rascunho/bloco2_sprits/sprits_main.v Line: 267
Warning (10229): Verilog HDL Expression warning at sprits_main.v(268): truncated literal to match 2 bits File: C:/Users/elber/OneDrive - Universidade Federal da Bahia/LAB IV/Rascunho/bloco2_sprits/sprits_main.v Line: 268
Warning (10229): Verilog HDL Expression warning at sprits_main.v(269): truncated literal to match 2 bits File: C:/Users/elber/OneDrive - Universidade Federal da Bahia/LAB IV/Rascunho/bloco2_sprits/sprits_main.v Line: 269
Warning (10229): Verilog HDL Expression warning at sprits_main.v(270): truncated literal to match 2 bits File: C:/Users/elber/OneDrive - Universidade Federal da Bahia/LAB IV/Rascunho/bloco2_sprits/sprits_main.v Line: 270
Warning (10229): Verilog HDL Expression warning at sprits_main.v(271): truncated literal to match 2 bits File: C:/Users/elber/OneDrive - Universidade Federal da Bahia/LAB IV/Rascunho/bloco2_sprits/sprits_main.v Line: 271
Error (10112): Ignored design unit "sprits_main" at sprits_main.v(3) due to previous errors File: C:/Users/elber/OneDrive - Universidade Federal da Bahia/LAB IV/Rascunho/bloco2_sprits/sprits_main.v Line: 3
Info (12021): Found 0 design units, including 0 entities, in source file sprits_main.v
Error (10149): Verilog HDL Declaration error at arquivo_parametros.vh(6): identifier "id_sprite_0" is already declared in the present scope File: C:/Users/elber/OneDrive - Universidade Federal da Bahia/LAB IV/Rascunho/bloco2_sprits/arquivo_parametros.vh Line: 6
Error (10149): Verilog HDL Declaration error at arquivo_parametros.vh(7): identifier "id_sprite_1" is already declared in the present scope File: C:/Users/elber/OneDrive - Universidade Federal da Bahia/LAB IV/Rascunho/bloco2_sprits/arquivo_parametros.vh Line: 7
Error (10149): Verilog HDL Declaration error at arquivo_parametros.vh(8): identifier "id_sprite_2" is already declared in the present scope File: C:/Users/elber/OneDrive - Universidade Federal da Bahia/LAB IV/Rascunho/bloco2_sprits/arquivo_parametros.vh Line: 8
Error (10149): Verilog HDL Declaration error at arquivo_parametros.vh(9): identifier "id_sprite_3" is already declared in the present scope File: C:/Users/elber/OneDrive - Universidade Federal da Bahia/LAB IV/Rascunho/bloco2_sprits/arquivo_parametros.vh Line: 9
Error (10149): Verilog HDL Declaration error at arquivo_parametros.vh(10): identifier "id_sprite_4" is already declared in the present scope File: C:/Users/elber/OneDrive - Universidade Federal da Bahia/LAB IV/Rascunho/bloco2_sprits/arquivo_parametros.vh Line: 10
Error (10149): Verilog HDL Declaration error at arquivo_parametros.vh(11): identifier "id_sprite_5" is already declared in the present scope File: C:/Users/elber/OneDrive - Universidade Federal da Bahia/LAB IV/Rascunho/bloco2_sprits/arquivo_parametros.vh Line: 11
Error (10149): Verilog HDL Declaration error at arquivo_parametros.vh(12): identifier "id_sprite_6" is already declared in the present scope File: C:/Users/elber/OneDrive - Universidade Federal da Bahia/LAB IV/Rascunho/bloco2_sprits/arquivo_parametros.vh Line: 12
Error (10149): Verilog HDL Declaration error at arquivo_parametros.vh(13): identifier "id_sprite_7" is already declared in the present scope File: C:/Users/elber/OneDrive - Universidade Federal da Bahia/LAB IV/Rascunho/bloco2_sprits/arquivo_parametros.vh Line: 13
Error (10149): Verilog HDL Declaration error at arquivo_parametros.vh(14): identifier "id_sprite_8" is already declared in the present scope File: C:/Users/elber/OneDrive - Universidade Federal da Bahia/LAB IV/Rascunho/bloco2_sprits/arquivo_parametros.vh Line: 14
Error (10149): Verilog HDL Declaration error at arquivo_parametros.vh(15): identifier "id_sprite_9" is already declared in the present scope File: C:/Users/elber/OneDrive - Universidade Federal da Bahia/LAB IV/Rascunho/bloco2_sprits/arquivo_parametros.vh Line: 15
Error (10149): Verilog HDL Declaration error at arquivo_parametros.vh(16): identifier "id_sprite_10" is already declared in the present scope File: C:/Users/elber/OneDrive - Universidade Federal da Bahia/LAB IV/Rascunho/bloco2_sprits/arquivo_parametros.vh Line: 16
Error (10149): Verilog HDL Declaration error at arquivo_parametros.vh(17): identifier "id_sprite_11" is already declared in the present scope File: C:/Users/elber/OneDrive - Universidade Federal da Bahia/LAB IV/Rascunho/bloco2_sprits/arquivo_parametros.vh Line: 17
Error (10149): Verilog HDL Declaration error at arquivo_parametros.vh(18): identifier "id_sprite_12" is already declared in the present scope File: C:/Users/elber/OneDrive - Universidade Federal da Bahia/LAB IV/Rascunho/bloco2_sprits/arquivo_parametros.vh Line: 18
Error (10149): Verilog HDL Declaration error at arquivo_parametros.vh(19): identifier "id_sprite_13" is already declared in the present scope File: C:/Users/elber/OneDrive - Universidade Federal da Bahia/LAB IV/Rascunho/bloco2_sprits/arquivo_parametros.vh Line: 19
Error (10149): Verilog HDL Declaration error at arquivo_parametros.vh(20): identifier "id_sprite_14" is already declared in the present scope File: C:/Users/elber/OneDrive - Universidade Federal da Bahia/LAB IV/Rascunho/bloco2_sprits/arquivo_parametros.vh Line: 20
Error (10149): Verilog HDL Declaration error at arquivo_parametros.vh(21): identifier "id_sprite_15" is already declared in the present scope File: C:/Users/elber/OneDrive - Universidade Federal da Bahia/LAB IV/Rascunho/bloco2_sprits/arquivo_parametros.vh Line: 21
Error (10149): Verilog HDL Declaration error at arquivo_parametros.vh(22): identifier "id_sprite_16" is already declared in the present scope File: C:/Users/elber/OneDrive - Universidade Federal da Bahia/LAB IV/Rascunho/bloco2_sprits/arquivo_parametros.vh Line: 22
Error (10149): Verilog HDL Declaration error at arquivo_parametros.vh(23): identifier "id_sprite_17" is already declared in the present scope File: C:/Users/elber/OneDrive - Universidade Federal da Bahia/LAB IV/Rascunho/bloco2_sprits/arquivo_parametros.vh Line: 23
Error (10149): Verilog HDL Declaration error at arquivo_parametros.vh(24): identifier "id_sprite_18" is already declared in the present scope File: C:/Users/elber/OneDrive - Universidade Federal da Bahia/LAB IV/Rascunho/bloco2_sprits/arquivo_parametros.vh Line: 24
Info (12021): Found 0 design units, including 0 entities, in source file sprits_finder_position.v
Info (144001): Generated suppressed messages file C:/Users/elber/OneDrive - Universidade Federal da Bahia/LAB IV/Rascunho/bloco2_sprits/output_files/bloco2_sprits.map.smsg
Error: Quartus Prime Analysis & Synthesis was unsuccessful. 24 errors, 13 warnings
    Error: Peak virtual memory: 4717 megabytes
    Error: Processing ended: Wed Nov 15 19:33:20 2023
    Error: Elapsed time: 00:00:48
    Error: Total CPU time (on all processors): 00:00:58


+------------------------------------------+
; Analysis & Synthesis Suppressed Messages ;
+------------------------------------------+
The suppressed messages can be found in C:/Users/elber/OneDrive - Universidade Federal da Bahia/LAB IV/Rascunho/bloco2_sprits/output_files/bloco2_sprits.map.smsg.


